[     119ms] [INFO] %cDownload the React DevTools for a better development experience: https://react.dev/link/react-devtools font-weight:bold @ http://localhost:3001/_next/static/chunks/b2b3e_next_dist_77a734fe._.js:2297
[     187ms] [LOG] [HMR] connected @ http://localhost:3001/_next/static/chunks/b2b3e_next_dist_77a734fe._.js:2297
[   13402ms] [LOG] [Fast Refresh] rebuilding @ http://localhost:3001/_next/static/chunks/b2b3e_next_dist_77a734fe._.js:2297
[   13651ms] [LOG] [Fast Refresh] done in 348ms @ http://localhost:3001/_next/static/chunks/b2b3e_next_dist_77a734fe._.js:2297
[   15233ms] [LOG] [Fast Refresh] rebuilding @ http://localhost:3001/_next/static/chunks/b2b3e_next_dist_77a734fe._.js:2297
[   15435ms] [LOG] [Fast Refresh] done in 301ms @ http://localhost:3001/_next/static/chunks/b2b3e_next_dist_77a734fe._.js:2297
[   15535ms] [LOG] [Fast Refresh] rebuilding @ http://localhost:3001/_next/static/chunks/b2b3e_next_dist_77a734fe._.js:2297
[   15542ms] [LOG] [Fast Refresh] done in 106ms @ http://localhost:3001/_next/static/chunks/b2b3e_next_dist_77a734fe._.js:2297
[   16552ms] [LOG] [Fast Refresh] rebuilding @ http://localhost:3001/_next/static/chunks/b2b3e_next_dist_77a734fe._.js:2297
[   16736ms] [LOG] [Fast Refresh] done in 284ms @ http://localhost:3001/_next/static/chunks/b2b3e_next_dist_77a734fe._.js:2297
[   19170ms] [LOG] [Fast Refresh] rebuilding @ http://localhost:3001/_next/static/chunks/b2b3e_next_dist_77a734fe._.js:2297
[   19419ms] [LOG] [Fast Refresh] done in 349ms @ http://localhost:3001/_next/static/chunks/b2b3e_next_dist_77a734fe._.js:2297
[   21257ms] [LOG] [Fast Refresh] rebuilding @ http://localhost:3001/_next/static/chunks/b2b3e_next_dist_77a734fe._.js:2297
[   21423ms] [LOG] [Fast Refresh] done in 267ms @ http://localhost:3001/_next/static/chunks/b2b3e_next_dist_77a734fe._.js:2297
[   23695ms] [LOG] [Fast Refresh] rebuilding @ http://localhost:3001/_next/static/chunks/b2b3e_next_dist_77a734fe._.js:2297
[   24425ms] [LOG] [Fast Refresh] done in 832ms @ http://localhost:3001/_next/static/chunks/b2b3e_next_dist_77a734fe._.js:2297
[   24526ms] [LOG] [Fast Refresh] rebuilding @ http://localhost:3001/_next/static/chunks/b2b3e_next_dist_77a734fe._.js:2297
[   24596ms] [LOG] [Fast Refresh] done in 168ms @ http://localhost:3001/_next/static/chunks/b2b3e_next_dist_77a734fe._.js:2297
[   25671ms] [INFO] %cDownload the React DevTools for a better development experience: https://react.dev/link/react-devtools font-weight:bold @ http://localhost:3001/_next/static/chunks/b2b3e_next_dist_77a734fe._.js:2297
[   25692ms] [LOG] [HMR] connected @ http://localhost:3001/_next/static/chunks/b2b3e_next_dist_77a734fe._.js:2297
[   27593ms] [INFO] %cDownload the React DevTools for a better development experience: https://react.dev/link/react-devtools font-weight:bold @ http://localhost:3001/_next/static/chunks/b2b3e_next_dist_77a734fe._.js:2297
[   27617ms] [LOG] [HMR] connected @ http://localhost:3001/_next/static/chunks/b2b3e_next_dist_77a734fe._.js:2297
[   28003ms] [LOG] [Fast Refresh] rebuilding @ http://localhost:3001/_next/static/chunks/b2b3e_next_dist_77a734fe._.js:2297
[   28043ms] [LOG] [Fast Refresh] done in 140ms @ http://localhost:3001/_next/static/chunks/b2b3e_next_dist_77a734fe._.js:2297
[   28175ms] [LOG] [Fast Refresh] rebuilding @ http://localhost:3001/_next/static/chunks/b2b3e_next_dist_77a734fe._.js:2297
[   28329ms] [LOG] [Fast Refresh] done in 254ms @ http://localhost:3001/_next/static/chunks/b2b3e_next_dist_77a734fe._.js:2297
[   29426ms] [INFO] %cDownload the React DevTools for a better development experience: https://react.dev/link/react-devtools font-weight:bold @ http://localhost:3001/_next/static/chunks/b2b3e_next_dist_77a734fe._.js:2297
[   29440ms] [LOG] [HMR] connected @ http://localhost:3001/_next/static/chunks/b2b3e_next_dist_77a734fe._.js:2297
[   31494ms] [INFO] %cDownload the React DevTools for a better development experience: https://react.dev/link/react-devtools font-weight:bold @ http://localhost:3001/_next/static/chunks/b2b3e_next_dist_77a734fe._.js:2297
[   31517ms] [LOG] [HMR] connected @ http://localhost:3001/_next/static/chunks/b2b3e_next_dist_77a734fe._.js:2297
[   33630ms] [INFO] %cDownload the React DevTools for a better development experience: https://react.dev/link/react-devtools font-weight:bold @ http://localhost:3001/_next/static/chunks/b2b3e_next_dist_77a734fe._.js:2297
[   33652ms] [LOG] [HMR] connected @ http://localhost:3001/_next/static/chunks/b2b3e_next_dist_77a734fe._.js:2297
[   41547ms] [LOG] [Fast Refresh] rebuilding @ http://localhost:3001/_next/static/chunks/b2b3e_next_dist_77a734fe._.js:2297
[   41597ms] [LOG] [Fast Refresh] done in 149ms @ http://localhost:3001/_next/static/chunks/b2b3e_next_dist_77a734fe._.js:2297
[   41670ms] [INFO] %cDownload the React DevTools for a better development experience: https://react.dev/link/react-devtools font-weight:bold @ http://localhost:3001/_next/static/chunks/b2b3e_next_dist_77a734fe._.js:2297
[   41691ms] [LOG] [HMR] connected @ http://localhost:3001/_next/static/chunks/b2b3e_next_dist_77a734fe._.js:2297
[   43467ms] [INFO] %cDownload the React DevTools for a better development experience: https://react.dev/link/react-devtools font-weight:bold @ http://localhost:3001/_next/static/chunks/b2b3e_next_dist_77a734fe._.js:2297
[   43480ms] [LOG] [HMR] connected @ http://localhost:3001/_next/static/chunks/b2b3e_next_dist_77a734fe._.js:2297
[   45265ms] [INFO] %cDownload the React DevTools for a better development experience: https://react.dev/link/react-devtools font-weight:bold @ http://localhost:3001/_next/static/chunks/b2b3e_next_dist_77a734fe._.js:2297
[   45285ms] [LOG] [HMR] connected @ http://localhost:3001/_next/static/chunks/b2b3e_next_dist_77a734fe._.js:2297
[   47038ms] [LOG] [Fast Refresh] rebuilding @ http://localhost:3001/_next/static/chunks/b2b3e_next_dist_77a734fe._.js:2297
[   47357ms] [LOG] [Fast Refresh] done in 419ms @ http://localhost:3001/_next/static/chunks/b2b3e_next_dist_77a734fe._.js:2297
[   47427ms] [INFO] %cDownload the React DevTools for a better development experience: https://react.dev/link/react-devtools font-weight:bold @ http://localhost:3001/_next/static/chunks/b2b3e_next_dist_77a734fe._.js:2297
[   47443ms] [LOG] [HMR] connected @ http://localhost:3001/_next/static/chunks/b2b3e_next_dist_77a734fe._.js:2297
[  129138ms] [INFO] %cDownload the React DevTools for a better development experience: https://react.dev/link/react-devtools font-weight:bold @ http://localhost:3001/_next/static/chunks/b2b3e_next_dist_77a734fe._.js:2297
[  129160ms] [LOG] [HMR] connected @ http://localhost:3001/_next/static/chunks/b2b3e_next_dist_77a734fe._.js:2297
[  156786ms] [INFO] %cDownload the React DevTools for a better development experience: https://react.dev/link/react-devtools font-weight:bold @ http://localhost:3001/_next/static/chunks/b2b3e_next_dist_77a734fe._.js:2297
[  156807ms] [LOG] [HMR] connected @ http://localhost:3001/_next/static/chunks/b2b3e_next_dist_77a734fe._.js:2297
[  160367ms] [INFO] %cDownload the React DevTools for a better development experience: https://react.dev/link/react-devtools font-weight:bold @ http://localhost:3001/_next/static/chunks/b2b3e_next_dist_77a734fe._.js:2297
[  160380ms] [LOG] [HMR] connected @ http://localhost:3001/_next/static/chunks/b2b3e_next_dist_77a734fe._.js:2297
[  417010ms] [LOG] [Fast Refresh] rebuilding @ http://localhost:3001/_next/static/chunks/b2b3e_next_dist_77a734fe._.js:2297
[  417040ms] [LOG] [Fast Refresh] done in 92ms @ http://localhost:3001/_next/static/chunks/b2b3e_next_dist_77a734fe._.js:2297
[  452519ms] [LOG] [Fast Refresh] rebuilding @ http://localhost:3001/_next/static/chunks/b2b3e_next_dist_77a734fe._.js:2297
[  452549ms] [LOG] [Fast Refresh] done in 77ms @ http://localhost:3001/_next/static/chunks/b2b3e_next_dist_77a734fe._.js:2297
[  464798ms] [LOG] [Fast Refresh] rebuilding @ http://localhost:3001/_next/static/chunks/b2b3e_next_dist_77a734fe._.js:2297
[  464878ms] [LOG] [Fast Refresh] done in 113ms @ http://localhost:3001/_next/static/chunks/b2b3e_next_dist_77a734fe._.js:2297
[  499447ms] [LOG] [Fast Refresh] rebuilding @ http://localhost:3001/_next/static/chunks/b2b3e_next_dist_77a734fe._.js:2297
[  499521ms] [LOG] [Fast Refresh] done in 108ms @ http://localhost:3001/_next/static/chunks/b2b3e_next_dist_77a734fe._.js:2297
[  501695ms] [LOG] [Fast Refresh] rebuilding @ http://localhost:3001/_next/static/chunks/b2b3e_next_dist_77a734fe._.js:2297
[  501722ms] [LOG] [Fast Refresh] done in 42ms @ http://localhost:3001/_next/static/chunks/b2b3e_next_dist_77a734fe._.js:2297
[  520645ms] [INFO] %cDownload the React DevTools for a better development experience: https://react.dev/link/react-devtools font-weight:bold @ http://localhost:3001/_next/static/chunks/b2b3e_next_dist_77a734fe._.js:2297
[  520670ms] [LOG] [HMR] connected @ http://localhost:3001/_next/static/chunks/b2b3e_next_dist_77a734fe._.js:2297
[  520765ms] [WARNING] Please ensure that the container has a non-static position, like 'relative', 'fixed', or 'absolute' to ensure scroll offset is calculated correctly. @ http://localhost:3001/_next/static/chunks/b2b3e_next_dist_77a734fe._.js:2297
[  565300ms] [INFO] %cDownload the React DevTools for a better development experience: https://react.dev/link/react-devtools font-weight:bold @ http://localhost:3001/_next/static/chunks/b2b3e_next_dist_77a734fe._.js:2297
[  565331ms] [LOG] [HMR] connected @ http://localhost:3001/_next/static/chunks/b2b3e_next_dist_77a734fe._.js:2297
[  565390ms] [WARNING] Please ensure that the container has a non-static position, like 'relative', 'fixed', or 'absolute' to ensure scroll offset is calculated correctly. @ http://localhost:3001/_next/static/chunks/b2b3e_next_dist_77a734fe._.js:2297
